
Running check 'Phase 1: Preparation'
=================
APT Repositories:
=================
Repos:
  No active apt repos in: /etc/apt/sources.list
  Active apt repos in: /etc/apt/sources.list.d/docker.list
    1: deb [arch=amd64 signed-by=/etc/apt/keyrings/docker.asc] https://download.docker.com/linux/ubuntu jammy stable
  Active apt repos in: /etc/apt/sources.list.d/miktex.list
    1: deb http://miktex.org/download/ubuntu bionic universe
  Active apt repos in: /etc/apt/sources.list.d/official-package-repositories.list
    1: deb http://packages.linuxmint.com victoria main upstream import backport
    2: deb http://archive.ubuntu.com/ubuntu jammy main restricted universe multiverse
    3: deb http://archive.ubuntu.com/ubuntu jammy-updates main restricted universe multiverse
    4: deb http://archive.ubuntu.com/ubuntu jammy-backports main restricted universe multiverse
    5: deb http://security.ubuntu.com/ubuntu/ jammy-security main restricted universe multiverse
  Active apt repos in: /etc/apt/sources.list.d/opera-stable.list
    1: deb https://deb.opera.com/opera-stable/ stable non-free
  Active apt repos in: /etc/apt/sources.list.d/signal-xenial.list
    1: deb [arch=amd64 signed-by=/usr/share/keyrings/signal-desktop-keyring.gpg] https://updates.signal.org/desktop/apt xenial main
  Active apt repos in: /etc/apt/sources.list.d/skype-stable.list
    1: deb [arch=amd64] https://repo.skype.com/deb stable main
  Active apt repos in: /etc/apt/sources.list.d/spotify.list
    1: deb http://repository.spotify.com stable non-free
=================

Running check 'Linux Mint version'
mintupgrade-inhibit-power: no process found
